生成启动时间为 2016/6/29 15:16:28。
     1>项目“D:\project\zxing-cpp\build\libzxing.vcxproj”在节点 2 上(Build 个目标)。
     1>Lib:
         C:\Program Files (x86)\Microsoft Visual Studio 12.0\VC\bin\Lib.exe /OUT:"D:\project\zxing-cpp\build\Debug\libzxing.lib" /NOLOGO  /machine:X86 libzxing.dir\Debug\AztecDetectorResult.obj
         libzxing.dir\Debug\AztecReader.obj
         libzxing.dir\Debug\BarcodeFormat.obj
         libzxing.dir\Debug\Binarizer.obj
         libzxing.dir\Debug\BinaryBitmap.obj
         libzxing.dir\Debug\ChecksumException.obj
         libzxing.dir\Debug\BitArray.obj
         libzxing.dir\Debug\BitArrayIO.obj
         libzxing.dir\Debug\BitMatrix.obj
         libzxing.dir\Debug\BitSource.obj
         libzxing.dir\Debug\CharacterSetECI.obj
         libzxing.dir\Debug\DecoderResult.obj
         libzxing.dir\Debug\MonochromeRectangleDetector.obj
         libzxing.dir\Debug\WhiteRectangleDetector.obj
         libzxing.dir\Debug\DetectorResult.obj
         libzxing.dir\Debug\GlobalHistogramBinarizer.obj
         libzxing.dir\Debug\GreyscaleLuminanceSource.obj
         libzxing.dir\Debug\GreyscaleRotatedLuminanceSource.obj
         libzxing.dir\Debug\GridSampler.obj
         libzxing.dir\Debug\HybridBinarizer.obj
         libzxing.dir\Debug\IllegalArgumentException.obj
         libzxing.dir\Debug\PerspectiveTransform.obj
         libzxing.dir\Debug\GenericGF.obj
         libzxing.dir\Debug\GenericGFPoly.obj
         libzxing.dir\Debug\ReedSolomonDecoder.obj
         libzxing.dir\Debug\ReedSolomonException.obj
         libzxing.dir\Debug\Str.obj
         libzxing.dir\Debug\StringUtils.obj
         libzxing.dir\Debug\DataMatrixReader.obj
         libzxing.dir\Debug\CornerPoint.obj
         libzxing.dir\Debug\DetectorException.obj
         libzxing.dir\Debug\DecodeHints.obj
         libzxing.dir\Debug\Exception.obj
         libzxing.dir\Debug\FormatException.obj
         libzxing.dir\Debug\InvertedLuminanceSource.obj
         libzxing.dir\Debug\LuminanceSource.obj
         libzxing.dir\Debug\ByQuadrantReader.obj
         libzxing.dir\Debug\GenericMultipleBarcodeReader.obj
         libzxing.dir\Debug\MultipleBarcodeReader.obj
         libzxing.dir\Debug\MultiDetector.obj
         libzxing.dir\Debug\MultiFinderPatternFinder.obj
         libzxing.dir\Debug\QRCodeMultiReader.obj
         libzxing.dir\Debug\MultiFormatReader.obj
         libzxing.dir\Debug\CodaBarReader.obj
         libzxing.dir\Debug\Code128Reader.obj
         libzxing.dir\Debug\Code39Reader.obj
         libzxing.dir\Debug\Code93Reader.obj
         libzxing.dir\Debug\EAN13Reader.obj
         libzxing.dir\Debug\EAN8Reader.obj
         libzxing.dir\Debug\ITFReader.obj
         libzxing.dir\Debug\MultiFormatOneDReader.obj
         libzxing.dir\Debug\MultiFormatUPCEANReader.obj
         libzxing.dir\Debug\OneDReader.obj
         libzxing.dir\Debug\OneDResultPoint.obj
         libzxing.dir\Debug\UPCAReader.obj
         libzxing.dir\Debug\UPCEANReader.obj
         libzxing.dir\Debug\UPCEReader.obj
         libzxing.dir\Debug\ErrorCorrection.obj
         libzxing.dir\Debug\ModulusGF.obj
         libzxing.dir\Debug\ModulusPoly.obj
         libzxing.dir\Debug\LinesSampler.obj
         libzxing.dir\Debug\PDF417Reader.obj
         libzxing.dir\Debug\DataMask.obj
         libzxing.dir\Debug\Mode.obj
         libzxing.dir\Debug\AlignmentPattern.obj
         libzxing.dir\Debug\AlignmentPatternFinder.obj
         libzxing.dir\Debug\FinderPattern.obj
         libzxing.dir\Debug\FinderPatternFinder.obj
         libzxing.dir\Debug\FinderPatternInfo.obj
         libzxing.dir\Debug\ErrorCorrectionLevel.obj
         libzxing.dir\Debug\FormatInformation.obj
         libzxing.dir\Debug\QRCodeReader.obj
         libzxing.dir\Debug\Reader.obj
         libzxing.dir\Debug\Result.obj
         libzxing.dir\Debug\ResultIO.obj
         libzxing.dir\Debug\ResultPoint.obj
         libzxing.dir\Debug\ResultPointCallback.obj
         libzxing.dir\Debug\BigInteger.obj
         libzxing.dir\Debug\BigIntegerAlgorithms.obj
         libzxing.dir\Debug\BigIntegerUtils.obj
         libzxing.dir\Debug\BigUnsigned.obj
         libzxing.dir\Debug\BigUnsignedInABase.obj
         libzxing.dir\Debug\/core/src/zxing/aztec/decoder/Decoder.cpp.obj
         libzxing.dir\Debug\/core/src/zxing/aztec/detector/Detector.cpp.obj
         libzxing.dir\Debug\/core/src/zxing/datamatrix/decoder/BitMatrixParser.cpp.obj
         libzxing.dir\Debug\/core/src/zxing/datamatrix/decoder/DataBlock.cpp.obj
         libzxing.dir\Debug\/core/src/zxing/datamatrix/decoder/DecodedBitStreamParser.cpp.obj
         libzxing.dir\Debug\/core/src/zxing/datamatrix/decoder/Decoder.cpp.obj
         libzxing.dir\Debug\/core/src/zxing/datamatrix/detector/Detector.cpp.obj
         libzxing.dir\Debug\/core/src/zxing/datamatrix/Version.cpp.obj
         libzxing.dir\Debug\/core/src/zxing/pdf417/decoder/BitMatrixParser.cpp.obj
         libzxing.dir\Debug\/core/src/zxing/pdf417/decoder/DecodedBitStreamParser.cpp.obj
         libzxing.dir\Debug\/core/src/zxing/pdf417/decoder/Decoder.cpp.obj
         libzxing.dir\Debug\/core/src/zxing/pdf417/detector/Detector.cpp.obj
         libzxing.dir\Debug\/core/src/zxing/qrcode/decoder/BitMatrixParser.cpp.obj
         libzxing.dir\Debug\/core/src/zxing/qrcode/decoder/DataBlock.cpp.obj
         libzxing.dir\Debug\/core/src/zxing/qrcode/decoder/DecodedBitStreamParser.cpp.obj
         libzxing.dir\Debug\/core/src/zxing/qrcode/decoder/Decoder.cpp.obj
         libzxing.dir\Debug\/core/src/zxing/qrcode/detector/Detector.cpp.obj
         libzxing.dir\Debug\/core/src/zxing/qrcode/Version.cpp.obj
         libzxing.vcxproj -> D:\project\zxing-cpp\build\Debug\libzxing.lib
     1>已完成生成项目“D:\project\zxing-cpp\build\libzxing.vcxproj”(Build 个目标)的操作。

生成成功。

已用时间 00:00:00.57
