d:\project\zxing-cpp\build\libzxing.dir\release\hybridbinarizer.obj
d:\project\zxing-cpp\build\libzxing.dir\release\gridsampler.obj
d:\project\zxing-cpp\build\libzxing.dir\release\greyscalerotatedluminancesource.obj
d:\project\zxing-cpp\build\libzxing.dir\release\greyscaleluminancesource.obj
d:\project\zxing-cpp\build\libzxing.dir\release\globalhistogrambinarizer.obj
d:\project\zxing-cpp\build\libzxing.dir\release\detectorresult.obj
d:\project\zxing-cpp\build\libzxing.dir\release\whiterectangledetector.obj
d:\project\zxing-cpp\build\libzxing.dir\release\monochromerectangledetector.obj
d:\project\zxing-cpp\build\libzxing.dir\release\decoderresult.obj
d:\project\zxing-cpp\build\libzxing.dir\release\characterseteci.obj
d:\project\zxing-cpp\build\libzxing.dir\release\bitsource.obj
d:\project\zxing-cpp\build\libzxing.dir\release\bitmatrix.obj
d:\project\zxing-cpp\build\libzxing.dir\release\bitarrayio.obj
d:\project\zxing-cpp\build\libzxing.dir\release\bitarray.obj
d:\project\zxing-cpp\build\libzxing.dir\release\checksumexception.obj
d:\project\zxing-cpp\build\libzxing.dir\release\binarybitmap.obj
d:\project\zxing-cpp\build\libzxing.dir\release\binarizer.obj
d:\project\zxing-cpp\build\libzxing.dir\release\barcodeformat.obj
d:\project\zxing-cpp\build\libzxing.dir\release\aztecreader.obj
d:\project\zxing-cpp\build\libzxing.dir\release\aztecdetectorresult.obj
d:\project\zxing-cpp\build\libzxing.dir\release\multidetector.obj
d:\project\zxing-cpp\build\libzxing.dir\release\multiplebarcodereader.obj
d:\project\zxing-cpp\build\libzxing.dir\release\genericmultiplebarcodereader.obj
d:\project\zxing-cpp\build\libzxing.dir\release\byquadrantreader.obj
d:\project\zxing-cpp\build\libzxing.dir\release\luminancesource.obj
d:\project\zxing-cpp\build\libzxing.dir\release\invertedluminancesource.obj
d:\project\zxing-cpp\build\libzxing.dir\release\formatexception.obj
d:\project\zxing-cpp\build\libzxing.dir\release\exception.obj
d:\project\zxing-cpp\build\libzxing.dir\release\decodehints.obj
d:\project\zxing-cpp\build\libzxing.dir\release\detectorexception.obj
d:\project\zxing-cpp\build\libzxing.dir\release\cornerpoint.obj
d:\project\zxing-cpp\build\libzxing.dir\release\datamatrixreader.obj
d:\project\zxing-cpp\build\libzxing.dir\release\stringutils.obj
d:\project\zxing-cpp\build\libzxing.dir\release\str.obj
d:\project\zxing-cpp\build\libzxing.dir\release\reedsolomonexception.obj
d:\project\zxing-cpp\build\libzxing.dir\release\reedsolomondecoder.obj
d:\project\zxing-cpp\build\libzxing.dir\release\genericgfpoly.obj
d:\project\zxing-cpp\build\libzxing.dir\release\genericgf.obj
d:\project\zxing-cpp\build\libzxing.dir\release\perspectivetransform.obj
d:\project\zxing-cpp\build\libzxing.dir\release\illegalargumentexception.obj
d:\project\zxing-cpp\build\libzxing.dir\release\moduluspoly.obj
d:\project\zxing-cpp\build\libzxing.dir\release\modulusgf.obj
d:\project\zxing-cpp\build\libzxing.dir\release\errorcorrection.obj
d:\project\zxing-cpp\build\libzxing.dir\release\upcereader.obj
d:\project\zxing-cpp\build\libzxing.dir\release\upceanreader.obj
d:\project\zxing-cpp\build\libzxing.dir\release\upcareader.obj
d:\project\zxing-cpp\build\libzxing.dir\release\onedresultpoint.obj
d:\project\zxing-cpp\build\libzxing.dir\release\onedreader.obj
d:\project\zxing-cpp\build\libzxing.dir\release\multiformatupceanreader.obj
d:\project\zxing-cpp\build\libzxing.dir\release\multiformatonedreader.obj
d:\project\zxing-cpp\build\libzxing.dir\release\itfreader.obj
d:\project\zxing-cpp\build\libzxing.dir\release\ean8reader.obj
d:\project\zxing-cpp\build\libzxing.dir\release\ean13reader.obj
d:\project\zxing-cpp\build\libzxing.dir\release\code93reader.obj
d:\project\zxing-cpp\build\libzxing.dir\release\code39reader.obj
d:\project\zxing-cpp\build\libzxing.dir\release\code128reader.obj
d:\project\zxing-cpp\build\libzxing.dir\release\codabarreader.obj
d:\project\zxing-cpp\build\libzxing.dir\release\multiformatreader.obj
d:\project\zxing-cpp\build\libzxing.dir\release\qrcodemultireader.obj
d:\project\zxing-cpp\build\libzxing.dir\release\multifinderpatternfinder.obj
d:\project\zxing-cpp\build\libzxing.dir\release\bigintegerutils.obj
d:\project\zxing-cpp\build\libzxing.dir\release\bigintegeralgorithms.obj
d:\project\zxing-cpp\build\libzxing.dir\release\biginteger.obj
d:\project\zxing-cpp\build\libzxing.dir\release\resultpointcallback.obj
d:\project\zxing-cpp\build\libzxing.dir\release\resultpoint.obj
d:\project\zxing-cpp\build\libzxing.dir\release\resultio.obj
d:\project\zxing-cpp\build\libzxing.dir\release\result.obj
d:\project\zxing-cpp\build\libzxing.dir\release\reader.obj
d:\project\zxing-cpp\build\libzxing.dir\release\qrcodereader.obj
d:\project\zxing-cpp\build\libzxing.dir\release\formatinformation.obj
d:\project\zxing-cpp\build\libzxing.dir\release\errorcorrectionlevel.obj
d:\project\zxing-cpp\build\libzxing.dir\release\finderpatterninfo.obj
d:\project\zxing-cpp\build\libzxing.dir\release\finderpatternfinder.obj
d:\project\zxing-cpp\build\libzxing.dir\release\finderpattern.obj
d:\project\zxing-cpp\build\libzxing.dir\release\alignmentpatternfinder.obj
d:\project\zxing-cpp\build\libzxing.dir\release\alignmentpattern.obj
d:\project\zxing-cpp\build\libzxing.dir\release\mode.obj
d:\project\zxing-cpp\build\libzxing.dir\release\datamask.obj
d:\project\zxing-cpp\build\libzxing.dir\release\pdf417reader.obj
d:\project\zxing-cpp\build\libzxing.dir\release\linessampler.obj
d:\project\zxing-cpp\build\libzxing.dir\release\bigunsignedinabase.obj
d:\project\zxing-cpp\build\libzxing.dir\release\bigunsigned.obj
d:\project\zxing-cpp\build\libzxing.dir\release\core\src\zxing\aztec\decoder\decoder.cpp.obj
d:\project\zxing-cpp\build\libzxing.dir\release\core\src\zxing\aztec\detector\detector.cpp.obj
d:\project\zxing-cpp\build\libzxing.dir\release\core\src\zxing\datamatrix\decoder\bitmatrixparser.cpp.obj
d:\project\zxing-cpp\build\libzxing.dir\release\core\src\zxing\datamatrix\decoder\datablock.cpp.obj
d:\project\zxing-cpp\build\libzxing.dir\release\core\src\zxing\datamatrix\decoder\decodedbitstreamparser.cpp.obj
d:\project\zxing-cpp\build\libzxing.dir\release\core\src\zxing\datamatrix\decoder\decoder.cpp.obj
d:\project\zxing-cpp\build\libzxing.dir\release\core\src\zxing\datamatrix\detector\detector.cpp.obj
d:\project\zxing-cpp\build\libzxing.dir\release\core\src\zxing\datamatrix\version.cpp.obj
d:\project\zxing-cpp\build\libzxing.dir\release\core\src\zxing\pdf417\decoder\bitmatrixparser.cpp.obj
d:\project\zxing-cpp\build\libzxing.dir\release\core\src\zxing\pdf417\decoder\decodedbitstreamparser.cpp.obj
d:\project\zxing-cpp\build\libzxing.dir\release\core\src\zxing\pdf417\decoder\decoder.cpp.obj
d:\project\zxing-cpp\build\libzxing.dir\release\core\src\zxing\pdf417\detector\detector.cpp.obj
d:\project\zxing-cpp\build\libzxing.dir\release\core\src\zxing\qrcode\decoder\bitmatrixparser.cpp.obj
d:\project\zxing-cpp\build\libzxing.dir\release\core\src\zxing\qrcode\decoder\datablock.cpp.obj
d:\project\zxing-cpp\build\libzxing.dir\release\core\src\zxing\qrcode\decoder\decodedbitstreamparser.cpp.obj
d:\project\zxing-cpp\build\libzxing.dir\release\core\src\zxing\qrcode\decoder\decoder.cpp.obj
d:\project\zxing-cpp\build\libzxing.dir\release\core\src\zxing\qrcode\detector\detector.cpp.obj
d:\project\zxing-cpp\build\libzxing.dir\release\core\src\zxing\qrcode\version.cpp.obj
d:\project\zxing-cpp\build\cmakefiles\generate.stamp
d:\project\zxing-cpp\build\release\libzxing.lib
d:\project\zxing-cpp\build\libzxing.dir\release\libzxing.tlog\cl.command.1.tlog
d:\project\zxing-cpp\build\libzxing.dir\release\libzxing.tlog\cl.read.1.tlog
d:\project\zxing-cpp\build\libzxing.dir\release\libzxing.tlog\cl.write.1.tlog
d:\project\zxing-cpp\build\libzxing.dir\release\libzxing.tlog\custombuild.command.1.tlog
d:\project\zxing-cpp\build\libzxing.dir\release\libzxing.tlog\custombuild.read.1.tlog
d:\project\zxing-cpp\build\libzxing.dir\release\libzxing.tlog\custombuild.write.1.tlog
d:\project\zxing-cpp\build\libzxing.dir\release\libzxing.tlog\lib-link.read.1.tlog
d:\project\zxing-cpp\build\libzxing.dir\release\libzxing.tlog\lib-link.write.1.tlog
d:\project\zxing-cpp\build\libzxing.dir\release\libzxing.tlog\lib.command.1.tlog
